<?xml version="1.0" encoding="UTF-8"?>
<testsuite xmlns:xsi="http://www.w3.org/2001/XMLSchema-instance" xsi:noNamespaceSchemaLocation="https://maven.apache.org/surefire/maven-surefire-plugin/xsd/surefire-test-report.xsd" name="com.ptallewar.security.app.GuestAppApplicationTests" time="6.689" tests="1" errors="0" skipped="0" failures="0">
  <properties>
    <property name="sun.desktop" value="windows"/>
    <property name="awt.toolkit" value="sun.awt.windows.WToolkit"/>
    <property name="file.encoding.pkg" value="sun.io"/>
    <property name="java.specification.version" value="1.8"/>
    <property name="sun.cpu.isalist" value="amd64"/>
    <property name="sun.jnu.encoding" value="Cp1252"/>
    <property name="java.class.path" value="D:\SpringSecurityWorkspace\guest-app-jdbc\target\test-classes;D:\SpringSecurityWorkspace\guest-app-jdbc\target\classes;C:\Users\tallewar_p\maven_repositories\org\springframework\boot\spring-boot-starter-thymeleaf\2.0.0.RELEASE\spring-boot-starter-thymeleaf-2.0.0.RELEASE.jar;C:\Users\tallewar_p\maven_repositories\org\springframework\boot\spring-boot-starter\2.0.0.RELEASE\spring-boot-starter-2.0.0.RELEASE.jar;C:\Users\tallewar_p\maven_repositories\org\springframework\boot\spring-boot-starter-logging\2.0.0.RELEASE\spring-boot-starter-logging-2.0.0.RELEASE.jar;C:\Users\tallewar_p\maven_repositories\ch\qos\logback\logback-classic\1.2.3\logback-classic-1.2.3.jar;C:\Users\tallewar_p\maven_repositories\ch\qos\logback\logback-core\1.2.3\logback-core-1.2.3.jar;C:\Users\tallewar_p\maven_repositories\org\apache\logging\log4j\log4j-to-slf4j\2.10.0\log4j-to-slf4j-2.10.0.jar;C:\Users\tallewar_p\maven_repositories\org\apache\logging\log4j\log4j-api\2.10.0\log4j-api-2.10.0.jar;C:\Users\tallewar_p\maven_repositories\org\slf4j\jul-to-slf4j\1.7.25\jul-to-slf4j-1.7.25.jar;C:\Users\tallewar_p\maven_repositories\javax\annotation\javax.annotation-api\1.3.2\javax.annotation-api-1.3.2.jar;C:\Users\tallewar_p\maven_repositories\org\yaml\snakeyaml\1.19\snakeyaml-1.19.jar;C:\Users\tallewar_p\maven_repositories\org\thymeleaf\thymeleaf-spring5\3.0.9.RELEASE\thymeleaf-spring5-3.0.9.RELEASE.jar;C:\Users\tallewar_p\maven_repositories\org\slf4j\slf4j-api\1.7.25\slf4j-api-1.7.25.jar;C:\Users\tallewar_p\maven_repositories\org\thymeleaf\extras\thymeleaf-extras-java8time\3.0.1.RELEASE\thymeleaf-extras-java8time-3.0.1.RELEASE.jar;C:\Users\tallewar_p\maven_repositories\nz\net\ultraq\thymeleaf\thymeleaf-layout-dialect\2.3.0\thymeleaf-layout-dialect-2.3.0.jar;C:\Users\tallewar_p\maven_repositories\nz\net\ultraq\thymeleaf\thymeleaf-expression-processor\1.1.3\thymeleaf-expression-processor-1.1.3.jar;C:\Users\tallewar_p\maven_repositories\org\codehaus\groovy\groovy\2.4.13\groovy-2.4.13.jar;C:\Users\tallewar_p\maven_repositories\org\thymeleaf\thymeleaf\3.0.9.RELEASE\thymeleaf-3.0.9.RELEASE.jar;C:\Users\tallewar_p\maven_repositories\ognl\ognl\3.1.12\ognl-3.1.12.jar;C:\Users\tallewar_p\maven_repositories\org\attoparser\attoparser\2.0.4.RELEASE\attoparser-2.0.4.RELEASE.jar;C:\Users\tallewar_p\maven_repositories\org\unbescape\unbescape\1.1.5.RELEASE\unbescape-1.1.5.RELEASE.jar;C:\Users\tallewar_p\maven_repositories\org\springframework\boot\spring-boot-devtools\2.0.0.RELEASE\spring-boot-devtools-2.0.0.RELEASE.jar;C:\Users\tallewar_p\maven_repositories\org\springframework\boot\spring-boot\2.0.0.RELEASE\spring-boot-2.0.0.RELEASE.jar;C:\Users\tallewar_p\maven_repositories\org\springframework\spring-context\5.0.4.RELEASE\spring-context-5.0.4.RELEASE.jar;C:\Users\tallewar_p\maven_repositories\org\springframework\boot\spring-boot-autoconfigure\2.0.0.RELEASE\spring-boot-autoconfigure-2.0.0.RELEASE.jar;C:\Users\tallewar_p\maven_repositories\org\springframework\boot\spring-boot-starter-actuator\2.0.0.RELEASE\spring-boot-starter-actuator-2.0.0.RELEASE.jar;C:\Users\tallewar_p\maven_repositories\org\springframework\boot\spring-boot-actuator-autoconfigure\2.0.0.RELEASE\spring-boot-actuator-autoconfigure-2.0.0.RELEASE.jar;C:\Users\tallewar_p\maven_repositories\org\springframework\boot\spring-boot-actuator\2.0.0.RELEASE\spring-boot-actuator-2.0.0.RELEASE.jar;C:\Users\tallewar_p\maven_repositories\com\fasterxml\jackson\core\jackson-databind\2.9.4\jackson-databind-2.9.4.jar;C:\Users\tallewar_p\maven_repositories\com\fasterxml\jackson\core\jackson-annotations\2.9.0\jackson-annotations-2.9.0.jar;C:\Users\tallewar_p\maven_repositories\com\fasterxml\jackson\core\jackson-core\2.9.4\jackson-core-2.9.4.jar;C:\Users\tallewar_p\maven_repositories\com\fasterxml\jackson\datatype\jackson-datatype-jsr310\2.9.4\jackson-datatype-jsr310-2.9.4.jar;C:\Users\tallewar_p\maven_repositories\io\micrometer\micrometer-core\1.0.1\micrometer-core-1.0.1.jar;C:\Users\tallewar_p\maven_repositories\org\hdrhistogram\HdrHistogram\2.1.10\HdrHistogram-2.1.10.jar;C:\Users\tallewar_p\maven_repositories\org\latencyutils\LatencyUtils\2.0.3\LatencyUtils-2.0.3.jar;C:\Users\tallewar_p\maven_repositories\org\springframework\boot\spring-boot-starter-web\2.0.0.RELEASE\spring-boot-starter-web-2.0.0.RELEASE.jar;C:\Users\tallewar_p\maven_repositories\org\springframework\boot\spring-boot-starter-json\2.0.0.RELEASE\spring-boot-starter-json-2.0.0.RELEASE.jar;C:\Users\tallewar_p\maven_repositories\com\fasterxml\jackson\datatype\jackson-datatype-jdk8\2.9.4\jackson-datatype-jdk8-2.9.4.jar;C:\Users\tallewar_p\maven_repositories\com\fasterxml\jackson\module\jackson-module-parameter-names\2.9.4\jackson-module-parameter-names-2.9.4.jar;C:\Users\tallewar_p\maven_repositories\org\springframework\boot\spring-boot-starter-tomcat\2.0.0.RELEASE\spring-boot-starter-tomcat-2.0.0.RELEASE.jar;C:\Users\tallewar_p\maven_repositories\org\apache\tomcat\embed\tomcat-embed-core\8.5.28\tomcat-embed-core-8.5.28.jar;C:\Users\tallewar_p\maven_repositories\org\apache\tomcat\embed\tomcat-embed-el\8.5.28\tomcat-embed-el-8.5.28.jar;C:\Users\tallewar_p\maven_repositories\org\apache\tomcat\embed\tomcat-embed-websocket\8.5.28\tomcat-embed-websocket-8.5.28.jar;C:\Users\tallewar_p\maven_repositories\org\hibernate\validator\hibernate-validator\6.0.7.Final\hibernate-validator-6.0.7.Final.jar;C:\Users\tallewar_p\maven_repositories\javax\validation\validation-api\2.0.1.Final\validation-api-2.0.1.Final.jar;C:\Users\tallewar_p\maven_repositories\org\jboss\logging\jboss-logging\3.3.2.Final\jboss-logging-3.3.2.Final.jar;C:\Users\tallewar_p\maven_repositories\com\fasterxml\classmate\1.3.4\classmate-1.3.4.jar;C:\Users\tallewar_p\maven_repositories\org\springframework\spring-web\5.0.4.RELEASE\spring-web-5.0.4.RELEASE.jar;C:\Users\tallewar_p\maven_repositories\org\springframework\spring-beans\5.0.4.RELEASE\spring-beans-5.0.4.RELEASE.jar;C:\Users\tallewar_p\maven_repositories\org\springframework\spring-webmvc\5.0.4.RELEASE\spring-webmvc-5.0.4.RELEASE.jar;C:\Users\tallewar_p\maven_repositories\org\springframework\spring-expression\5.0.4.RELEASE\spring-expression-5.0.4.RELEASE.jar;C:\Users\tallewar_p\maven_repositories\org\springframework\boot\spring-boot-starter-security\2.0.0.RELEASE\spring-boot-starter-security-2.0.0.RELEASE.jar;C:\Users\tallewar_p\maven_repositories\org\springframework\spring-aop\5.0.4.RELEASE\spring-aop-5.0.4.RELEASE.jar;C:\Users\tallewar_p\maven_repositories\org\springframework\security\spring-security-config\5.0.3.RELEASE\spring-security-config-5.0.3.RELEASE.jar;C:\Users\tallewar_p\maven_repositories\org\springframework\security\spring-security-core\5.0.3.RELEASE\spring-security-core-5.0.3.RELEASE.jar;C:\Users\tallewar_p\maven_repositories\org\springframework\security\spring-security-web\5.0.3.RELEASE\spring-security-web-5.0.3.RELEASE.jar;C:\Users\tallewar_p\maven_repositories\org\springframework\boot\spring-boot-starter-data-jpa\2.0.0.RELEASE\spring-boot-starter-data-jpa-2.0.0.RELEASE.jar;C:\Users\tallewar_p\maven_repositories\org\springframework\boot\spring-boot-starter-aop\2.0.0.RELEASE\spring-boot-starter-aop-2.0.0.RELEASE.jar;C:\Users\tallewar_p\maven_repositories\org\aspectj\aspectjweaver\1.8.13\aspectjweaver-1.8.13.jar;C:\Users\tallewar_p\maven_repositories\org\springframework\boot\spring-boot-starter-jdbc\2.0.0.RELEASE\spring-boot-starter-jdbc-2.0.0.RELEASE.jar;C:\Users\tallewar_p\maven_repositories\com\zaxxer\HikariCP\2.7.8\HikariCP-2.7.8.jar;C:\Users\tallewar_p\maven_repositories\org\springframework\spring-jdbc\5.0.4.RELEASE\spring-jdbc-5.0.4.RELEASE.jar;C:\Users\tallewar_p\maven_repositories\org\hibernate\hibernate-core\5.2.14.Final\hibernate-core-5.2.14.Final.jar;C:\Users\tallewar_p\maven_repositories\org\hibernate\javax\persistence\hibernate-jpa-2.1-api\1.0.0.Final\hibernate-jpa-2.1-api-1.0.0.Final.jar;C:\Users\tallewar_p\maven_repositories\org\javassist\javassist\3.22.0-GA\javassist-3.22.0-GA.jar;C:\Users\tallewar_p\maven_repositories\antlr\antlr\2.7.7\antlr-2.7.7.jar;C:\Users\tallewar_p\maven_repositories\org\jboss\jandex\2.0.3.Final\jandex-2.0.3.Final.jar;C:\Users\tallewar_p\maven_repositories\dom4j\dom4j\1.6.1\dom4j-1.6.1.jar;C:\Users\tallewar_p\maven_repositories\org\hibernate\common\hibernate-commons-annotations\5.0.1.Final\hibernate-commons-annotations-5.0.1.Final.jar;C:\Users\tallewar_p\maven_repositories\javax\transaction\javax.transaction-api\1.2\javax.transaction-api-1.2.jar;C:\Users\tallewar_p\maven_repositories\org\springframework\data\spring-data-jpa\2.0.5.RELEASE\spring-data-jpa-2.0.5.RELEASE.jar;C:\Users\tallewar_p\maven_repositories\org\springframework\data\spring-data-commons\2.0.5.RELEASE\spring-data-commons-2.0.5.RELEASE.jar;C:\Users\tallewar_p\maven_repositories\org\springframework\spring-orm\5.0.4.RELEASE\spring-orm-5.0.4.RELEASE.jar;C:\Users\tallewar_p\maven_repositories\org\springframework\spring-tx\5.0.4.RELEASE\spring-tx-5.0.4.RELEASE.jar;C:\Users\tallewar_p\maven_repositories\org\springframework\spring-aspects\5.0.4.RELEASE\spring-aspects-5.0.4.RELEASE.jar;C:\Users\tallewar_p\maven_repositories\com\h2database\h2\1.4.196\h2-1.4.196.jar;C:\Users\tallewar_p\maven_repositories\org\springframework\boot\spring-boot-starter-test\2.0.0.RELEASE\spring-boot-starter-test-2.0.0.RELEASE.jar;C:\Users\tallewar_p\maven_repositories\org\springframework\boot\spring-boot-test\2.0.0.RELEASE\spring-boot-test-2.0.0.RELEASE.jar;C:\Users\tallewar_p\maven_repositories\org\springframework\boot\spring-boot-test-autoconfigure\2.0.0.RELEASE\spring-boot-test-autoconfigure-2.0.0.RELEASE.jar;C:\Users\tallewar_p\maven_repositories\com\jayway\jsonpath\json-path\2.4.0\json-path-2.4.0.jar;C:\Users\tallewar_p\maven_repositories\net\minidev\json-smart\2.3\json-smart-2.3.jar;C:\Users\tallewar_p\maven_repositories\net\minidev\accessors-smart\1.2\accessors-smart-1.2.jar;C:\Users\tallewar_p\maven_repositories\org\ow2\asm\asm\5.0.4\asm-5.0.4.jar;C:\Users\tallewar_p\maven_repositories\junit\junit\4.12\junit-4.12.jar;C:\Users\tallewar_p\maven_repositories\org\assertj\assertj-core\3.9.1\assertj-core-3.9.1.jar;C:\Users\tallewar_p\maven_repositories\org\mockito\mockito-core\2.15.0\mockito-core-2.15.0.jar;C:\Users\tallewar_p\maven_repositories\net\bytebuddy\byte-buddy\1.7.10\byte-buddy-1.7.10.jar;C:\Users\tallewar_p\maven_repositories\net\bytebuddy\byte-buddy-agent\1.7.10\byte-buddy-agent-1.7.10.jar;C:\Users\tallewar_p\maven_repositories\org\objenesis\objenesis\2.6\objenesis-2.6.jar;C:\Users\tallewar_p\maven_repositories\org\hamcrest\hamcrest-core\1.3\hamcrest-core-1.3.jar;C:\Users\tallewar_p\maven_repositories\org\hamcrest\hamcrest-library\1.3\hamcrest-library-1.3.jar;C:\Users\tallewar_p\maven_repositories\org\skyscreamer\jsonassert\1.5.0\jsonassert-1.5.0.jar;C:\Users\tallewar_p\maven_repositories\com\vaadin\external\google\android-json\0.0.20131108.vaadin1\android-json-0.0.20131108.vaadin1.jar;C:\Users\tallewar_p\maven_repositories\org\springframework\spring-core\5.0.4.RELEASE\spring-core-5.0.4.RELEASE.jar;C:\Users\tallewar_p\maven_repositories\org\springframework\spring-jcl\5.0.4.RELEASE\spring-jcl-5.0.4.RELEASE.jar;C:\Users\tallewar_p\maven_repositories\org\springframework\spring-test\5.0.4.RELEASE\spring-test-5.0.4.RELEASE.jar;C:\Users\tallewar_p\maven_repositories\org\xmlunit\xmlunit-core\2.5.1\xmlunit-core-2.5.1.jar;"/>
    <property name="java.vm.vendor" value="Oracle Corporation"/>
    <property name="sun.arch.data.model" value="64"/>
    <property name="user.variant" value=""/>
    <property name="java.vendor.url" value="http://java.oracle.com/"/>
    <property name="user.timezone" value=""/>
    <property name="java.vm.specification.version" value="1.8"/>
    <property name="os.name" value="Windows 10"/>
    <property name="user.country" value="IN"/>
    <property name="sun.java.launcher" value="SUN_STANDARD"/>
    <property name="sun.boot.library.path" value="C:\Program Files\Java\jdk1.8.0_152\jre\bin"/>
    <property name="sun.java.command" value="C:\Users\TALLEW~1\AppData\Local\Temp\surefire2694292685378840507\surefirebooter5508981319788729704.jar C:\Users\tallewar_p\AppData\Local\Temp\surefire2694292685378840507 2020-07-17T18-38-39_170-jvmRun1 surefire6426304483426868666tmp surefire_07362196855987250296tmp"/>
    <property name="surefire.test.class.path" value="D:\SpringSecurityWorkspace\guest-app-jdbc\target\test-classes;D:\SpringSecurityWorkspace\guest-app-jdbc\target\classes;C:\Users\tallewar_p\maven_repositories\org\springframework\boot\spring-boot-starter-thymeleaf\2.0.0.RELEASE\spring-boot-starter-thymeleaf-2.0.0.RELEASE.jar;C:\Users\tallewar_p\maven_repositories\org\springframework\boot\spring-boot-starter\2.0.0.RELEASE\spring-boot-starter-2.0.0.RELEASE.jar;C:\Users\tallewar_p\maven_repositories\org\springframework\boot\spring-boot-starter-logging\2.0.0.RELEASE\spring-boot-starter-logging-2.0.0.RELEASE.jar;C:\Users\tallewar_p\maven_repositories\ch\qos\logback\logback-classic\1.2.3\logback-classic-1.2.3.jar;C:\Users\tallewar_p\maven_repositories\ch\qos\logback\logback-core\1.2.3\logback-core-1.2.3.jar;C:\Users\tallewar_p\maven_repositories\org\apache\logging\log4j\log4j-to-slf4j\2.10.0\log4j-to-slf4j-2.10.0.jar;C:\Users\tallewar_p\maven_repositories\org\apache\logging\log4j\log4j-api\2.10.0\log4j-api-2.10.0.jar;C:\Users\tallewar_p\maven_repositories\org\slf4j\jul-to-slf4j\1.7.25\jul-to-slf4j-1.7.25.jar;C:\Users\tallewar_p\maven_repositories\javax\annotation\javax.annotation-api\1.3.2\javax.annotation-api-1.3.2.jar;C:\Users\tallewar_p\maven_repositories\org\yaml\snakeyaml\1.19\snakeyaml-1.19.jar;C:\Users\tallewar_p\maven_repositories\org\thymeleaf\thymeleaf-spring5\3.0.9.RELEASE\thymeleaf-spring5-3.0.9.RELEASE.jar;C:\Users\tallewar_p\maven_repositories\org\slf4j\slf4j-api\1.7.25\slf4j-api-1.7.25.jar;C:\Users\tallewar_p\maven_repositories\org\thymeleaf\extras\thymeleaf-extras-java8time\3.0.1.RELEASE\thymeleaf-extras-java8time-3.0.1.RELEASE.jar;C:\Users\tallewar_p\maven_repositories\nz\net\ultraq\thymeleaf\thymeleaf-layout-dialect\2.3.0\thymeleaf-layout-dialect-2.3.0.jar;C:\Users\tallewar_p\maven_repositories\nz\net\ultraq\thymeleaf\thymeleaf-expression-processor\1.1.3\thymeleaf-expression-processor-1.1.3.jar;C:\Users\tallewar_p\maven_repositories\org\codehaus\groovy\groovy\2.4.13\groovy-2.4.13.jar;C:\Users\tallewar_p\maven_repositories\org\thymeleaf\thymeleaf\3.0.9.RELEASE\thymeleaf-3.0.9.RELEASE.jar;C:\Users\tallewar_p\maven_repositories\ognl\ognl\3.1.12\ognl-3.1.12.jar;C:\Users\tallewar_p\maven_repositories\org\attoparser\attoparser\2.0.4.RELEASE\attoparser-2.0.4.RELEASE.jar;C:\Users\tallewar_p\maven_repositories\org\unbescape\unbescape\1.1.5.RELEASE\unbescape-1.1.5.RELEASE.jar;C:\Users\tallewar_p\maven_repositories\org\springframework\boot\spring-boot-devtools\2.0.0.RELEASE\spring-boot-devtools-2.0.0.RELEASE.jar;C:\Users\tallewar_p\maven_repositories\org\springframework\boot\spring-boot\2.0.0.RELEASE\spring-boot-2.0.0.RELEASE.jar;C:\Users\tallewar_p\maven_repositories\org\springframework\spring-context\5.0.4.RELEASE\spring-context-5.0.4.RELEASE.jar;C:\Users\tallewar_p\maven_repositories\org\springframework\boot\spring-boot-autoconfigure\2.0.0.RELEASE\spring-boot-autoconfigure-2.0.0.RELEASE.jar;C:\Users\tallewar_p\maven_repositories\org\springframework\boot\spring-boot-starter-actuator\2.0.0.RELEASE\spring-boot-starter-actuator-2.0.0.RELEASE.jar;C:\Users\tallewar_p\maven_repositories\org\springframework\boot\spring-boot-actuator-autoconfigure\2.0.0.RELEASE\spring-boot-actuator-autoconfigure-2.0.0.RELEASE.jar;C:\Users\tallewar_p\maven_repositories\org\springframework\boot\spring-boot-actuator\2.0.0.RELEASE\spring-boot-actuator-2.0.0.RELEASE.jar;C:\Users\tallewar_p\maven_repositories\com\fasterxml\jackson\core\jackson-databind\2.9.4\jackson-databind-2.9.4.jar;C:\Users\tallewar_p\maven_repositories\com\fasterxml\jackson\core\jackson-annotations\2.9.0\jackson-annotations-2.9.0.jar;C:\Users\tallewar_p\maven_repositories\com\fasterxml\jackson\core\jackson-core\2.9.4\jackson-core-2.9.4.jar;C:\Users\tallewar_p\maven_repositories\com\fasterxml\jackson\datatype\jackson-datatype-jsr310\2.9.4\jackson-datatype-jsr310-2.9.4.jar;C:\Users\tallewar_p\maven_repositories\io\micrometer\micrometer-core\1.0.1\micrometer-core-1.0.1.jar;C:\Users\tallewar_p\maven_repositories\org\hdrhistogram\HdrHistogram\2.1.10\HdrHistogram-2.1.10.jar;C:\Users\tallewar_p\maven_repositories\org\latencyutils\LatencyUtils\2.0.3\LatencyUtils-2.0.3.jar;C:\Users\tallewar_p\maven_repositories\org\springframework\boot\spring-boot-starter-web\2.0.0.RELEASE\spring-boot-starter-web-2.0.0.RELEASE.jar;C:\Users\tallewar_p\maven_repositories\org\springframework\boot\spring-boot-starter-json\2.0.0.RELEASE\spring-boot-starter-json-2.0.0.RELEASE.jar;C:\Users\tallewar_p\maven_repositories\com\fasterxml\jackson\datatype\jackson-datatype-jdk8\2.9.4\jackson-datatype-jdk8-2.9.4.jar;C:\Users\tallewar_p\maven_repositories\com\fasterxml\jackson\module\jackson-module-parameter-names\2.9.4\jackson-module-parameter-names-2.9.4.jar;C:\Users\tallewar_p\maven_repositories\org\springframework\boot\spring-boot-starter-tomcat\2.0.0.RELEASE\spring-boot-starter-tomcat-2.0.0.RELEASE.jar;C:\Users\tallewar_p\maven_repositories\org\apache\tomcat\embed\tomcat-embed-core\8.5.28\tomcat-embed-core-8.5.28.jar;C:\Users\tallewar_p\maven_repositories\org\apache\tomcat\embed\tomcat-embed-el\8.5.28\tomcat-embed-el-8.5.28.jar;C:\Users\tallewar_p\maven_repositories\org\apache\tomcat\embed\tomcat-embed-websocket\8.5.28\tomcat-embed-websocket-8.5.28.jar;C:\Users\tallewar_p\maven_repositories\org\hibernate\validator\hibernate-validator\6.0.7.Final\hibernate-validator-6.0.7.Final.jar;C:\Users\tallewar_p\maven_repositories\javax\validation\validation-api\2.0.1.Final\validation-api-2.0.1.Final.jar;C:\Users\tallewar_p\maven_repositories\org\jboss\logging\jboss-logging\3.3.2.Final\jboss-logging-3.3.2.Final.jar;C:\Users\tallewar_p\maven_repositories\com\fasterxml\classmate\1.3.4\classmate-1.3.4.jar;C:\Users\tallewar_p\maven_repositories\org\springframework\spring-web\5.0.4.RELEASE\spring-web-5.0.4.RELEASE.jar;C:\Users\tallewar_p\maven_repositories\org\springframework\spring-beans\5.0.4.RELEASE\spring-beans-5.0.4.RELEASE.jar;C:\Users\tallewar_p\maven_repositories\org\springframework\spring-webmvc\5.0.4.RELEASE\spring-webmvc-5.0.4.RELEASE.jar;C:\Users\tallewar_p\maven_repositories\org\springframework\spring-expression\5.0.4.RELEASE\spring-expression-5.0.4.RELEASE.jar;C:\Users\tallewar_p\maven_repositories\org\springframework\boot\spring-boot-starter-security\2.0.0.RELEASE\spring-boot-starter-security-2.0.0.RELEASE.jar;C:\Users\tallewar_p\maven_repositories\org\springframework\spring-aop\5.0.4.RELEASE\spring-aop-5.0.4.RELEASE.jar;C:\Users\tallewar_p\maven_repositories\org\springframework\security\spring-security-config\5.0.3.RELEASE\spring-security-config-5.0.3.RELEASE.jar;C:\Users\tallewar_p\maven_repositories\org\springframework\security\spring-security-core\5.0.3.RELEASE\spring-security-core-5.0.3.RELEASE.jar;C:\Users\tallewar_p\maven_repositories\org\springframework\security\spring-security-web\5.0.3.RELEASE\spring-security-web-5.0.3.RELEASE.jar;C:\Users\tallewar_p\maven_repositories\org\springframework\boot\spring-boot-starter-data-jpa\2.0.0.RELEASE\spring-boot-starter-data-jpa-2.0.0.RELEASE.jar;C:\Users\tallewar_p\maven_repositories\org\springframework\boot\spring-boot-starter-aop\2.0.0.RELEASE\spring-boot-starter-aop-2.0.0.RELEASE.jar;C:\Users\tallewar_p\maven_repositories\org\aspectj\aspectjweaver\1.8.13\aspectjweaver-1.8.13.jar;C:\Users\tallewar_p\maven_repositories\org\springframework\boot\spring-boot-starter-jdbc\2.0.0.RELEASE\spring-boot-starter-jdbc-2.0.0.RELEASE.jar;C:\Users\tallewar_p\maven_repositories\com\zaxxer\HikariCP\2.7.8\HikariCP-2.7.8.jar;C:\Users\tallewar_p\maven_repositories\org\springframework\spring-jdbc\5.0.4.RELEASE\spring-jdbc-5.0.4.RELEASE.jar;C:\Users\tallewar_p\maven_repositories\org\hibernate\hibernate-core\5.2.14.Final\hibernate-core-5.2.14.Final.jar;C:\Users\tallewar_p\maven_repositories\org\hibernate\javax\persistence\hibernate-jpa-2.1-api\1.0.0.Final\hibernate-jpa-2.1-api-1.0.0.Final.jar;C:\Users\tallewar_p\maven_repositories\org\javassist\javassist\3.22.0-GA\javassist-3.22.0-GA.jar;C:\Users\tallewar_p\maven_repositories\antlr\antlr\2.7.7\antlr-2.7.7.jar;C:\Users\tallewar_p\maven_repositories\org\jboss\jandex\2.0.3.Final\jandex-2.0.3.Final.jar;C:\Users\tallewar_p\maven_repositories\dom4j\dom4j\1.6.1\dom4j-1.6.1.jar;C:\Users\tallewar_p\maven_repositories\org\hibernate\common\hibernate-commons-annotations\5.0.1.Final\hibernate-commons-annotations-5.0.1.Final.jar;C:\Users\tallewar_p\maven_repositories\javax\transaction\javax.transaction-api\1.2\javax.transaction-api-1.2.jar;C:\Users\tallewar_p\maven_repositories\org\springframework\data\spring-data-jpa\2.0.5.RELEASE\spring-data-jpa-2.0.5.RELEASE.jar;C:\Users\tallewar_p\maven_repositories\org\springframework\data\spring-data-commons\2.0.5.RELEASE\spring-data-commons-2.0.5.RELEASE.jar;C:\Users\tallewar_p\maven_repositories\org\springframework\spring-orm\5.0.4.RELEASE\spring-orm-5.0.4.RELEASE.jar;C:\Users\tallewar_p\maven_repositories\org\springframework\spring-tx\5.0.4.RELEASE\spring-tx-5.0.4.RELEASE.jar;C:\Users\tallewar_p\maven_repositories\org\springframework\spring-aspects\5.0.4.RELEASE\spring-aspects-5.0.4.RELEASE.jar;C:\Users\tallewar_p\maven_repositories\com\h2database\h2\1.4.196\h2-1.4.196.jar;C:\Users\tallewar_p\maven_repositories\org\springframework\boot\spring-boot-starter-test\2.0.0.RELEASE\spring-boot-starter-test-2.0.0.RELEASE.jar;C:\Users\tallewar_p\maven_repositories\org\springframework\boot\spring-boot-test\2.0.0.RELEASE\spring-boot-test-2.0.0.RELEASE.jar;C:\Users\tallewar_p\maven_repositories\org\springframework\boot\spring-boot-test-autoconfigure\2.0.0.RELEASE\spring-boot-test-autoconfigure-2.0.0.RELEASE.jar;C:\Users\tallewar_p\maven_repositories\com\jayway\jsonpath\json-path\2.4.0\json-path-2.4.0.jar;C:\Users\tallewar_p\maven_repositories\net\minidev\json-smart\2.3\json-smart-2.3.jar;C:\Users\tallewar_p\maven_repositories\net\minidev\accessors-smart\1.2\accessors-smart-1.2.jar;C:\Users\tallewar_p\maven_repositories\org\ow2\asm\asm\5.0.4\asm-5.0.4.jar;C:\Users\tallewar_p\maven_repositories\junit\junit\4.12\junit-4.12.jar;C:\Users\tallewar_p\maven_repositories\org\assertj\assertj-core\3.9.1\assertj-core-3.9.1.jar;C:\Users\tallewar_p\maven_repositories\org\mockito\mockito-core\2.15.0\mockito-core-2.15.0.jar;C:\Users\tallewar_p\maven_repositories\net\bytebuddy\byte-buddy\1.7.10\byte-buddy-1.7.10.jar;C:\Users\tallewar_p\maven_repositories\net\bytebuddy\byte-buddy-agent\1.7.10\byte-buddy-agent-1.7.10.jar;C:\Users\tallewar_p\maven_repositories\org\objenesis\objenesis\2.6\objenesis-2.6.jar;C:\Users\tallewar_p\maven_repositories\org\hamcrest\hamcrest-core\1.3\hamcrest-core-1.3.jar;C:\Users\tallewar_p\maven_repositories\org\hamcrest\hamcrest-library\1.3\hamcrest-library-1.3.jar;C:\Users\tallewar_p\maven_repositories\org\skyscreamer\jsonassert\1.5.0\jsonassert-1.5.0.jar;C:\Users\tallewar_p\maven_repositories\com\vaadin\external\google\android-json\0.0.20131108.vaadin1\android-json-0.0.20131108.vaadin1.jar;C:\Users\tallewar_p\maven_repositories\org\springframework\spring-core\5.0.4.RELEASE\spring-core-5.0.4.RELEASE.jar;C:\Users\tallewar_p\maven_repositories\org\springframework\spring-jcl\5.0.4.RELEASE\spring-jcl-5.0.4.RELEASE.jar;C:\Users\tallewar_p\maven_repositories\org\springframework\spring-test\5.0.4.RELEASE\spring-test-5.0.4.RELEASE.jar;C:\Users\tallewar_p\maven_repositories\org\xmlunit\xmlunit-core\2.5.1\xmlunit-core-2.5.1.jar;"/>
    <property name="sun.cpu.endian" value="little"/>
    <property name="user.home" value="C:\Users\tallewar_p"/>
    <property name="user.language" value="en"/>
    <property name="java.specification.vendor" value="Oracle Corporation"/>
    <property name="java.home" value="C:\Program Files\Java\jdk1.8.0_152\jre"/>
    <property name="basedir" value="D:\SpringSecurityWorkspace\guest-app-jdbc"/>
    <property name="file.separator" value="\"/>
    <property name="line.separator" value="&#10;"/>
    <property name="java.vm.specification.vendor" value="Oracle Corporation"/>
    <property name="java.specification.name" value="Java Platform API Specification"/>
    <property name="java.awt.graphicsenv" value="sun.awt.Win32GraphicsEnvironment"/>
    <property name="surefire.real.class.path" value="C:\Users\TALLEW~1\AppData\Local\Temp\surefire2694292685378840507\surefirebooter5508981319788729704.jar"/>
    <property name="sun.boot.class.path" value="C:\Program Files\Java\jdk1.8.0_152\jre\lib\resources.jar;C:\Program Files\Java\jdk1.8.0_152\jre\lib\rt.jar;C:\Program Files\Java\jdk1.8.0_152\jre\lib\sunrsasign.jar;C:\Program Files\Java\jdk1.8.0_152\jre\lib\jsse.jar;C:\Program Files\Java\jdk1.8.0_152\jre\lib\jce.jar;C:\Program Files\Java\jdk1.8.0_152\jre\lib\charsets.jar;C:\Program Files\Java\jdk1.8.0_152\jre\lib\jfr.jar;C:\Program Files\Java\jdk1.8.0_152\jre\classes"/>
    <property name="user.script" value=""/>
    <property name="sun.management.compiler" value="HotSpot 64-Bit Tiered Compilers"/>
    <property name="java.runtime.version" value="1.8.0_152-b16"/>
    <property name="user.name" value="tallewar_p"/>
    <property name="path.separator" value=";"/>
    <property name="os.version" value="10.0"/>
    <property name="java.endorsed.dirs" value="C:\Program Files\Java\jdk1.8.0_152\jre\lib\endorsed"/>
    <property name="java.runtime.name" value="Java(TM) SE Runtime Environment"/>
    <property name="file.encoding" value="Cp1252"/>
    <property name="java.vm.name" value="Java HotSpot(TM) 64-Bit Server VM"/>
    <property name="localRepository" value="C:\Users\tallewar_p\maven_repositories"/>
    <property name="java.vendor.url.bug" value="http://bugreport.sun.com/bugreport/"/>
    <property name="java.io.tmpdir" value="C:\Users\TALLEW~1\AppData\Local\Temp\"/>
    <property name="java.version" value="1.8.0_152"/>
    <property name="user.dir" value="D:\SpringSecurityWorkspace\guest-app-jdbc"/>
    <property name="os.arch" value="amd64"/>
    <property name="java.vm.specification.name" value="Java Virtual Machine Specification"/>
    <property name="java.awt.printerjob" value="sun.awt.windows.WPrinterJob"/>
    <property name="sun.os.patch.level" value=""/>
    <property name="java.library.path" value="C:\Program Files\Java\jdk1.8.0_152\jre\bin;C:\Windows\Sun\Java\bin;C:\Windows\system32;C:\Windows;C:\Program Files (x86)\RSA SecurID Token Common;C:\Program Files\RSA SecurID Token Common;C:\ProgramData\Oracle\Java\javapath;C:\Windows\system32;C:\Windows;C:\Windows\System32\Wbem;C:\Windows\System32\WindowsPowerShell\v1.0\;C:\Windows\System32\OpenSSH\;C:\Program Files (x86)\Windows Kits\10\Windows Performance Toolkit\;C:\Program Files (x86)\Windows Kits\10\Microsoft Application Virtualization\Sequencer\;C:\Program Files (x86)\PuTTY\;C:\Python27;C:\Users\tallewar_p\AppData\Local\Microsoft\WindowsApps;C:\Program Files\Java\jdk1.8.0_152\bin;D:\apache-maven-3.3.9\bin;D:\kafka_2.13-2.4.0\bin\windows;C:\Users\tallewar_p\AppData\Local\Programs\Git\cmd;D:\Backup\Softwares\apache-cassandra-3.11.6\bin;C:\Python27;;."/>
    <property name="java.vm.info" value="mixed mode"/>
    <property name="java.vendor" value="Oracle Corporation"/>
    <property name="java.vm.version" value="25.152-b16"/>
    <property name="java.ext.dirs" value="C:\Program Files\Java\jdk1.8.0_152\jre\lib\ext;C:\Windows\Sun\Java\lib\ext"/>
    <property name="sun.io.unicode.encoding" value="UnicodeLittle"/>
    <property name="java.class.version" value="52.0"/>
  </properties>
  <testcase name="contextLoads" classname="com.ptallewar.security.app.GuestAppApplicationTests" time="0.08"/>
</testsuite>